<?xml version="1.0" encoding="UTF-8"?>
<!-- Generated by org.testng.reporters.JUnitXMLReporter -->
<testsuite ignored="0" hostname="LAPTOP-Q4DCNU94" failures="0" tests="3" name="LetsShop Automation Test 2" time="21.883" errors="0" timestamp="2024-05-29T08:52:10 IST">
  <testcase classname="com.letsshop.AddingProductToCart" name="loginToLetShop" time="11.38"/>
  <testcase classname="com.letsshop.AddingProductToCart" name="selectProduct" time="0.3"/>
  <testcase classname="com.letsshop.AddingProductToCart" name="addProductToCart" time="10.117"/>
</testsuite> <!-- LetsShop Automation Test 2 -->
