<?xml version="1.0" encoding="UTF-8"?>
<!-- Generated by org.testng.reporters.JUnitXMLReporter -->
<testsuite ignored="0" hostname="LAPTOP-Q4DCNU94" failures="0" tests="3" name="LetsShop Automation Test 1" time="20.731" errors="0" timestamp="2024-05-29T08:52:09 IST">
  <testcase classname="com.letsshop.BaseClass" name="loginToLetShop" time="10.21"/>
  <testcase classname="com.letsshop.BaseClass" name="selectProduct" time="0.335"/>
  <testcase classname="com.letsshop.BaseClass" name="addProductToCart" time="10.092"/>
</testsuite> <!-- LetsShop Automation Test 1 -->
